Arguments: 
  /usr/local/bin/node /usr/local/bin/yarn install

PATH: 
  /usr/local/opt/ruby/bin:/usr/local/bin:/Users/kevinkroon/.nvm/versions/node/v16.13.1/bin:/usr/local/bin:/usr/bin:/bin:/usr/sbin:/sbin:/usr/local/share/dotnet:~/.dotnet/tools:/Library/Frameworks/Mono.framework/Versions/Current/Commands:/usr/local/opt/ruby/bin:/Users/kevinkroon/.nvm/versions/node/v16.13.1/bin

Yarn version: 
  1.22.10

Node version: 
  18.16.0

Platform: 
  darwin x64

Trace: 
  SyntaxError: /Users/kevinkroon/Documents/projects/monorepo/packages/playground/package.json: Unexpected token } in JSON at position 750
      at JSON.parse (<anonymous>)
      at /usr/local/lib/node_modules/yarn/lib/cli.js:1625:59
      at Generator.next (<anonymous>)
      at step (/usr/local/lib/node_modules/yarn/lib/cli.js:310:30)
      at /usr/local/lib/node_modules/yarn/lib/cli.js:321:13

npm manifest: 
  {
    "name": "playground",
    "version": "1.0.0",
    "license": "MIT",
    "private": "true",
    "scripts": {
      "start": "webpack serve --mode development --config webpack.config.js"
    },
    "dependencies": {
      "@babel/core": "^7.21.8",
      "@babel/preset-env": "^7.21.5",
      "@babel/preset-react": "^7.18.6",
      "@babel/preset-typescript": "^7.21.5",
      "babel-loader": "^9.1.2",
      "css-loader": "^6.7.3",
      "gis-viewer": "*",
      "html-webpack-plugin": "^5.5.1",
      "react": "^18.2.0",
      "react-dom": "^18.2.0",
      "style-loader": "^3.3.2",
      "typescript": "^5.0.4",
      "webpack": "^5.82.0",
      "webpack-cli": "^5.0.2",
      "webpack-dev-server": "^4.13.3"
    },
    "devDependencies": {
      "@types/react-dom": "18.2.4",
      "ts-loader"
    }
  }

yarn manifest: 
  No manifest

Lockfile: 
  No lockfile
